2025-05-31 00:02:06,099 WARNING database DDL Query made to DB:
ALTER TABLE `tabEMP` ADD COLUMN `No` varchar(140) unique, ADD COLUMN `FullName` varchar(140), ADD COLUMN `Middle_Name` varchar(140), ADD COLUMN `Initials` varchar(140), ADD COLUMN `Job_Title` varchar(140), ADD COLUMN `E_Mail` varchar(140), ADD COLUMN `Mobile_Phone_No` varchar(140), ADD COLUMN `Phone_No` varchar(140), ADD COLUMN `Extension` varchar(140), ADD COLUMN `Post_Code` varchar(140), ADD COLUMN `Country_Region_Code` varchar(140), ADD COLUMN `Search_Name` varchar(140), ADD COLUMN `Department_ID` varchar(140), ADD COLUMN `Position_ID` varchar(140), ADD COLUMN `Grade_Code_ID` varchar(140), ADD COLUMN `Pay_Period_ID` varchar(140), ADD COLUMN `Reporting_Manager_ID` varchar(140), ADD COLUMN `Site_Supervisor_No` varchar(140), ADD COLUMN `ITDEmployment_Date` date, ADD COLUMN `ITDLast_Pay_Period` varchar(140), ADD COLUMN `ITDNext_Pay_Period` varchar(140), ADD COLUMN `employment_type` varchar(140), ADD COLUMN `status` varchar(140), ADD COLUMN `date_of_birth` date, ADD COLUMN `national_id` varchar(140), ADD COLUMN `pan_number` varchar(140), ADD COLUMN `passport_number` varchar(140), ADD COLUMN `emergency_contact` varchar(140), ADD COLUMN `emergency_phone` varchar(140), ADD COLUMN `marital_status` varchar(140), ADD COLUMN `current_address` text, ADD COLUMN `permanent_address` text, ADD COLUMN `Privacy_Blocked` int(1) not null default 0, ADD COLUMN `Comment` int(1) not null default 0, ADD COLUMN `Balance_LCY` decimal(21,9) not null default 0, ADD COLUMN `bc_employee_id` varchar(140), ADD COLUMN `last_bc_sync` datetime(6), ADD COLUMN `bc_sync_status` varchar(140), ADD COLUMN `odata_etag` varchar(140)
2025-05-31 00:02:06,103 WARNING database DDL Query made to DB:
ALTER TABLE `tabEMP` ADD UNIQUE INDEX IF NOT EXISTS No (`No`)
2025-05-31 00:18:26,124 WARNING database DDL Query made to DB:
ALTER TABLE `tabEmployee` DROP INDEX `no`
2025-05-31 00:23:57,710 WARNING database DDL Query made to DB:
ALTER TABLE `tabEmployee` MODIFY `itdemployment_date` varchar(140)
2025-05-31 00:36:22,052 WARNING database DDL Query made to DB:
ALTER TABLE `tabEmployee` ADD COLUMN `postal_code` varchar(140)
2025-05-31 01:00:52,647 WARNING database DDL Query made to DB:
ALTER TABLE `tabEmployee` ADD COLUMN `itdlastpay_period` varchar(140)
2025-05-31 01:01:33,450 WARNING database DDL Query made to DB:
ALTER TABLE `tabEmployee` ADD COLUMN `itdnextpay_period` date
2025-05-31 01:01:33,462 WARNING database DDL Query made to DB:
ALTER TABLE `tabEmployee` MODIFY `itdemployment_date` date
2025-05-31 01:04:50,529 WARNING database DDL Query made to DB:
ALTER TABLE `tabEmployee` MODIFY `itdemployment_date` varchar(140)
2025-05-31 01:06:51,400 WARNING database DDL Query made to DB:
ALTER TABLE `tabEmployee` MODIFY `itdemployment_date` date, MODIFY `itdlastpay_period` date
2025-05-31 01:16:19,886 WARNING database DDL Query made to DB:
ALTER TABLE `tabEmployee` MODIFY `itdlastpay_period` varchar(140), MODIFY `itdnextpay_period` varchar(140), MODIFY `itdemployment_date` varchar(140)
2025-05-31 01:21:19,202 WARNING database DDL Query made to DB:
ALTER TABLE `tabEmployee` MODIFY `last_bc_sync` varchar(140)
2025-05-31 01:23:33,887 WARNING database DDL Query made to DB:
ALTER TABLE `tabEmployee` ADD COLUMN `privcy_blocked` varchar(140), ADD COLUMN `balance_icy` varchar(140)
2025-05-31 01:23:33,903 WARNING database DDL Query made to DB:
ALTER TABLE `tabEmployee` MODIFY `comment` varchar(140)
2025-05-31 01:24:45,970 WARNING database DDL Query made to DB:
ALTER TABLE `tabEmployee` MODIFY `current_address` varchar(140)
2025-05-31 01:25:21,875 WARNING database DDL Query made to DB:
ALTER TABLE `tabEmployee` MODIFY `permanent_address` varchar(140)
2025-05-31 01:50:16,211 WARNING database DDL Query made to DB:
alter table `tabDocType` add column if not exists migration_hash varchar(140)
2025-05-31 02:00:45,896 WARNING database DDL Query made to DB:
ALTER TABLE `tabEmployee` MODIFY `balance_icy` int(11) not null default 0
2025-05-31 02:42:18,333 WARNING database DDL Query made to DB:
ALTER TABLE `tabEmployee` MODIFY `privacy_blocked` varchar(140)
2025-05-31 02:44:32,515 WARNING database DDL Query made to DB:
ALTER TABLE `tabEmployee` ADD COLUMN `id` varchar(140)
2025-05-31 06:38:12,171 WARNING database DDL Query made to DB:
ALTER TABLE `tabEmployee` ADD COLUMN `user_id` varchar(140)
2025-05-31 06:39:16,921 WARNING database DDL Query made to DB:
ALTER TABLE `tabLeave Application` MODIFY `total_leave_days` decimal(21,9) not null default 0
2025-05-31 06:39:50,579 WARNING database DDL Query made to DB:
ALTER TABLE `tabLeave Application` MODIFY `total_leave_days` decimal(21,9) not null default 0
2025-05-31 06:41:33,883 WARNING database DDL Query made to DB:
ALTER TABLE `tabLeave Application` MODIFY `total_leave_days` decimal(21,9) not null default 0
2025-05-31 06:49:29,464 WARNING database DDL Query made to DB:
ALTER TABLE `tabLeave Application` MODIFY `total_leave_days` decimal(21,9) not null default 0
2025-06-01 10:14:40,722 WARNING database DDL Query made to DB:
ALTER TABLE `tabLeave Type` ADD COLUMN `bc_leave_code` varchar(140)
2025-06-01 10:14:40,732 WARNING database DDL Query made to DB:
ALTER TABLE `tabLeave Type` MODIFY `eligibledays` decimal(21,9) not null default 0, MODIFY `alcarryfwddays` decimal(21,9) not null default 0
2025-06-01 10:15:27,005 WARNING database DDL Query made to DB:
ALTER TABLE `tabLeave Type` MODIFY `eligibledays` decimal(21,9) not null default 0, MODIFY `alcarryfwddays` decimal(21,9) not null default 0
2025-06-01 10:18:47,437 WARNING database DDL Query made to DB:
ALTER TABLE `tabLeave Type` MODIFY `eligibledays` decimal(21,9) not null default 0, MODIFY `alcarryfwddays` decimal(21,9) not null default 0
2025-06-01 10:19:01,048 WARNING database DDL Query made to DB:
ALTER TABLE `tabLeave Type` MODIFY `eligibledays` decimal(21,9) not null default 0, MODIFY `alcarryfwddays` decimal(21,9) not null default 0
2025-06-01 10:21:25,270 WARNING database DDL Query made to DB:
ALTER TABLE `tabLeave Type` ADD COLUMN `leave_applicable_to_gender` varchar(140)
2025-06-01 10:21:25,275 WARNING database DDL Query made to DB:
ALTER TABLE `tabLeave Type` MODIFY `eligibledays` decimal(21,9) not null default 0, MODIFY `alcarryfwddays` decimal(21,9) not null default 0
2025-06-01 10:21:37,324 WARNING database DDL Query made to DB:
ALTER TABLE `tabLeave Type` MODIFY `eligibledays` decimal(21,9) not null default 0, MODIFY `alcarryfwddays` decimal(21,9) not null default 0
2025-06-01 10:24:35,174 WARNING database DDL Query made to DB:
ALTER TABLE `tabLeave Type` MODIFY `eligibledays` decimal(21,9) not null default 0, MODIFY `alcarryfwddays` decimal(21,9) not null default 0
2025-06-01 10:25:49,812 WARNING database DDL Query made to DB:
ALTER TABLE `tabLeave Type` MODIFY `eligibledays` decimal(21,9) not null default 0, MODIFY `alcarryfwddays` decimal(21,9) not null default 0
2025-06-01 10:27:00,573 WARNING database DDL Query made to DB:
ALTER TABLE `tabLeave Type` ADD COLUMN `leave_mapping_code` varchar(140)
2025-06-01 10:27:00,579 WARNING database DDL Query made to DB:
ALTER TABLE `tabLeave Type` MODIFY `eligibledays` decimal(21,9) not null default 0, MODIFY `alcarryfwddays` decimal(21,9) not null default 0
2025-06-01 10:27:18,062 WARNING database DDL Query made to DB:
ALTER TABLE `tabLeave Type` ADD COLUMN `leave_type` varchar(140)
2025-06-01 10:27:18,066 WARNING database DDL Query made to DB:
ALTER TABLE `tabLeave Type` MODIFY `eligibledays` decimal(21,9) not null default 0, MODIFY `alcarryfwddays` decimal(21,9) not null default 0
2025-06-01 10:27:37,249 WARNING database DDL Query made to DB:
ALTER TABLE `tabLeave Type` ADD COLUMN `unit_of_measure_code` varchar(140)
2025-06-01 10:27:37,253 WARNING database DDL Query made to DB:
ALTER TABLE `tabLeave Type` MODIFY `eligibledays` decimal(21,9) not null default 0, MODIFY `alcarryfwddays` decimal(21,9) not null default 0
2025-06-01 10:27:52,140 WARNING database DDL Query made to DB:
ALTER TABLE `tabLeave Type` ADD COLUMN `eligible_days` decimal(21,9) not null default 0
2025-06-01 10:27:52,144 WARNING database DDL Query made to DB:
ALTER TABLE `tabLeave Type` MODIFY `alcarryfwddays` decimal(21,9) not null default 0
2025-06-01 10:28:19,856 WARNING database DDL Query made to DB:
ALTER TABLE `tabLeave Type` ADD COLUMN `once_in_service` int(1) not null default 0
2025-06-01 10:28:19,860 WARNING database DDL Query made to DB:
ALTER TABLE `tabLeave Type` MODIFY `eligible_days` decimal(21,9) not null default 0, MODIFY `alcarryfwddays` decimal(21,9) not null default 0
2025-06-01 10:28:32,724 WARNING database DDL Query made to DB:
ALTER TABLE `tabLeave Type` ADD COLUMN `only_for_local` int(1) not null default 0
2025-06-01 10:28:32,728 WARNING database DDL Query made to DB:
ALTER TABLE `tabLeave Type` MODIFY `eligible_days` decimal(21,9) not null default 0, MODIFY `alcarryfwddays` decimal(21,9) not null default 0
2025-06-01 10:28:46,604 WARNING database DDL Query made to DB:
ALTER TABLE `tabLeave Type` ADD COLUMN `min_period_of_service` int(11) not null default 0
2025-06-01 10:28:46,608 WARNING database DDL Query made to DB:
ALTER TABLE `tabLeave Type` MODIFY `alcarryfwddays` decimal(21,9) not null default 0, MODIFY `eligible_days` decimal(21,9) not null default 0
2025-06-01 10:28:57,871 WARNING database DDL Query made to DB:
ALTER TABLE `tabLeave Type` ADD COLUMN `min_period_of_ser_in_months` int(11) not null default 0
2025-06-01 10:28:57,875 WARNING database DDL Query made to DB:
ALTER TABLE `tabLeave Type` MODIFY `eligible_days` decimal(21,9) not null default 0, MODIFY `alcarryfwddays` decimal(21,9) not null default 0
2025-06-01 10:29:12,767 WARNING database DDL Query made to DB:
ALTER TABLE `tabLeave Type` ADD COLUMN `min_per_of_ser_for_settmnt` int(11) not null default 0
2025-06-01 10:29:12,772 WARNING database DDL Query made to DB:
ALTER TABLE `tabLeave Type` MODIFY `eligible_days` decimal(21,9) not null default 0, MODIFY `alcarryfwddays` decimal(21,9) not null default 0
2025-06-01 10:29:26,994 WARNING database DDL Query made to DB:
ALTER TABLE `tabLeave Type` ADD COLUMN `approve_one_time` int(1) not null default 0
2025-06-01 10:29:26,998 WARNING database DDL Query made to DB:
ALTER TABLE `tabLeave Type` MODIFY `alcarryfwddays` decimal(21,9) not null default 0, MODIFY `eligible_days` decimal(21,9) not null default 0
2025-06-01 10:29:41,197 WARNING database DDL Query made to DB:
ALTER TABLE `tabLeave Type` ADD COLUMN `al_carry_fwd_days` decimal(21,9) not null default 0
2025-06-01 10:29:41,201 WARNING database DDL Query made to DB:
ALTER TABLE `tabLeave Type` MODIFY `eligible_days` decimal(21,9) not null default 0
2025-06-01 10:29:51,407 WARNING database DDL Query made to DB:
ALTER TABLE `tabLeave Type` ADD COLUMN `exceed_eligibility_check` int(1) not null default 0
2025-06-01 10:29:51,411 WARNING database DDL Query made to DB:
ALTER TABLE `tabLeave Type` MODIFY `eligible_days` decimal(21,9) not null default 0, MODIFY `al_carry_fwd_days` decimal(21,9) not null default 0
2025-06-01 10:30:02,486 WARNING database DDL Query made to DB:
ALTER TABLE `tabLeave Type` ADD COLUMN `supporting_documents_required` int(1) not null default 0
2025-06-01 10:30:02,490 WARNING database DDL Query made to DB:
ALTER TABLE `tabLeave Type` MODIFY `eligible_days` decimal(21,9) not null default 0, MODIFY `al_carry_fwd_days` decimal(21,9) not null default 0
2025-06-01 10:30:18,907 WARNING database DDL Query made to DB:
ALTER TABLE `tabLeave Type` ADD COLUMN `max_no_of_times_in_service` int(11) not null default 0
2025-06-01 10:30:18,911 WARNING database DDL Query made to DB:
ALTER TABLE `tabLeave Type` MODIFY `eligible_days` decimal(21,9) not null default 0, MODIFY `al_carry_fwd_days` decimal(21,9) not null default 0
2025-06-01 10:30:39,160 WARNING database DDL Query made to DB:
ALTER TABLE `tabLeave Type` ADD COLUMN `allow_date_type` varchar(140)
2025-06-01 10:30:39,164 WARNING database DDL Query made to DB:
ALTER TABLE `tabLeave Type` MODIFY `eligible_days` decimal(21,9) not null default 0, MODIFY `al_carry_fwd_days` decimal(21,9) not null default 0
2025-06-01 10:30:53,386 WARNING database DDL Query made to DB:
ALTER TABLE `tabLeave Type` ADD COLUMN `calculated_on` varchar(140)
2025-06-01 10:30:53,392 WARNING database DDL Query made to DB:
ALTER TABLE `tabLeave Type` MODIFY `al_carry_fwd_days` decimal(21,9) not null default 0, MODIFY `eligible_days` decimal(21,9) not null default 0
2025-06-01 10:31:06,947 WARNING database DDL Query made to DB:
ALTER TABLE `tabLeave Type` ADD COLUMN `applicable_to` varchar(140)
2025-06-01 10:31:06,951 WARNING database DDL Query made to DB:
ALTER TABLE `tabLeave Type` MODIFY `eligible_days` decimal(21,9) not null default 0, MODIFY `al_carry_fwd_days` decimal(21,9) not null default 0
2025-06-01 10:31:19,522 WARNING database DDL Query made to DB:
ALTER TABLE `tabLeave Type` ADD COLUMN `deduct_lop_days` int(1) not null default 0
2025-06-01 10:31:19,526 WARNING database DDL Query made to DB:
ALTER TABLE `tabLeave Type` MODIFY `eligible_days` decimal(21,9) not null default 0, MODIFY `al_carry_fwd_days` decimal(21,9) not null default 0
2025-06-01 10:31:30,850 WARNING database DDL Query made to DB:
ALTER TABLE `tabLeave Type` ADD COLUMN `al_entittled_taken_any_time` varchar(140)
2025-06-01 10:31:30,854 WARNING database DDL Query made to DB:
ALTER TABLE `tabLeave Type` MODIFY `al_carry_fwd_days` decimal(21,9) not null default 0, MODIFY `eligible_days` decimal(21,9) not null default 0
2025-06-01 10:32:39,711 WARNING database DDL Query made to DB:
ALTER TABLE `tabLeave Type` ADD COLUMN `last_bc_sync` datetime(6)
2025-06-01 10:32:39,716 WARNING database DDL Query made to DB:
ALTER TABLE `tabLeave Type` MODIFY `al_carry_fwd_days` decimal(21,9) not null default 0, MODIFY `eligible_days` decimal(21,9) not null default 0
2025-06-01 10:33:37,906 WARNING database DDL Query made to DB:
ALTER TABLE `tabLeave Type` ADD COLUMN `bc_sync_status` varchar(140), ADD COLUMN `odata_etag` varchar(140)
2025-06-01 10:33:37,912 WARNING database DDL Query made to DB:
ALTER TABLE `tabLeave Type` MODIFY `eligible_days` decimal(21,9) not null default 0, MODIFY `al_carry_fwd_days` decimal(21,9) not null default 0
2025-06-01 12:09:19,029 WARNING database DDL Query made to DB:
ALTER TABLE `tabLeave Application` MODIFY `total_leave_days` decimal(21,9) not null default 0
2025-06-01 12:14:16,656 WARNING database DDL Query made to DB:
ALTER TABLE `tabLeave Application` MODIFY `total_leave_days` decimal(21,9) not null default 0
2025-06-01 12:31:42,647 WARNING database DDL Query made to DB:
ALTER TABLE `tabLeave Application` MODIFY `total_leave_days` decimal(21,9) not null default 0
2025-06-01 12:33:47,276 WARNING database DDL Query made to DB:
ALTER TABLE `tabLeave Application` MODIFY `total_leave_days` decimal(21,9) not null default 0
2025-06-01 12:41:56,968 WARNING database DDL Query made to DB:
ALTER TABLE `tabLeave Application` MODIFY `total_leave_days` decimal(21,9) not null default 0
2025-06-01 12:45:27,413 WARNING database DDL Query made to DB:
ALTER TABLE `tabLeave Application` MODIFY `total_leave_days` decimal(21,9) not null default 0
2025-06-01 12:47:22,666 WARNING database DDL Query made to DB:
ALTER TABLE `tabLeave Application` MODIFY `total_leave_days` decimal(21,9) not null default 0
2025-06-01 12:56:09,804 WARNING database DDL Query made to DB:
ALTER TABLE `tabLeave Application` ADD COLUMN `leave_code` varchar(140)
2025-06-01 12:56:09,811 WARNING database DDL Query made to DB:
ALTER TABLE `tabLeave Application` MODIFY `total_leave_days` decimal(21,9) not null default 0
2025-06-01 12:58:43,360 WARNING database DDL Query made to DB:
ALTER TABLE `tabLeave Application` MODIFY `total_leave_days` decimal(21,9) not null default 0
2025-06-01 13:36:26,109 WARNING database DDL Query made to DB:
ALTER TABLE `tabLeave Application` MODIFY `total_leave_days` decimal(21,9) not null default 0
2025-06-01 13:45:38,924 WARNING database DDL Query made to DB:
ALTER TABLE `tabLeave Type` MODIFY `eligible_days` decimal(21,9) not null default 0, MODIFY `al_carry_fwd_days` decimal(21,9) not null default 0
2025-06-01 13:48:18,377 WARNING database DDL Query made to DB:
ALTER TABLE `tabLeave Application` MODIFY `total_leave_days` decimal(21,9) not null default 0
2025-06-01 13:57:58,330 WARNING database DDL Query made to DB:
ALTER TABLE `tabLeave Application` MODIFY `total_leave_days` decimal(21,9) not null default 0
2025-06-01 14:09:47,538 WARNING database DDL Query made to DB:
ALTER TABLE `tabLeave Application` ADD COLUMN `workflow_state` varchar(140)
2025-06-01 14:09:47,543 WARNING database DDL Query made to DB:
ALTER TABLE `tabLeave Application` MODIFY `total_leave_days` decimal(21,9) not null default 0
2025-06-01 15:50:27,737 WARNING database DDL Query made to DB:
ALTER TABLE `tabLeave Application` MODIFY `total_leave_days` decimal(21,9) not null default 0
2025-06-01 16:43:36,048 WARNING database DDL Query made to DB:
ALTER TABLE `tabLeave Application` MODIFY `total_leave_days` decimal(21,9) not null default 0
2025-06-01 19:28:34,573 WARNING database DDL Query made to DB:
ALTER TABLE `tabLeave Application` MODIFY `total_leave_days` decimal(21,9) not null default 0
2025-06-01 19:28:34,767 WARNING database DDL Query made to DB:
ALTER TABLE `tabLeave Type` MODIFY `eligible_days` decimal(21,9) not null default 0, MODIFY `al_carry_fwd_days` decimal(21,9) not null default 0
2025-06-01 19:28:34,852 WARNING database DDL Query made to DB:
ALTER TABLE `tabLeave Allocation` MODIFY `eligibledays` decimal(21,9) not null default 0, MODIFY `new_leaves_allocated` decimal(21,9) not null default 0, MODIFY `total_leaves` decimal(21,9) not null default 0
2025-06-12 04:18:12,235 WARNING database DDL Query made to DB:
ALTER TABLE `tabUser` ADD COLUMN `employee` varchar(140)
2025-06-12 04:19:13,469 WARNING database DDL Query made to DB:
ALTER TABLE `tabUser` ADD COLUMN `employee_id` varchar(140)
2025-06-13 09:13:50,227 WARNING database DDL Query made to DB:
create table `tabtest` (
			name varchar(140) primary key,
			creation datetime(6),
			modified datetime(6),
			modified_by varchar(140),
			owner varchar(140),
			docstatus int(1) not null default '0',
			idx int(8) not null default '0',
			`_user_tags` text,
`_comments` text,
`_assign` text,
`_liked_by` text,
index modified(modified))
			ENGINE=InnoDB
			ROW_FORMAT=DYNAMIC
			CHARACTER SET=utf8mb4
			COLLATE=utf8mb4_unicode_ci
2025-06-13 09:31:35,713 WARNING database DDL Query made to DB:
RENAME TABLE `tabtest` TO `tabLeave Approval Rule`
2025-06-13 09:36:27,153 WARNING database DDL Query made to DB:
alter table `tabDocType` add column if not exists migration_hash varchar(140)
2025-06-13 09:36:27,975 WARNING database DDL Query made to DB:
ALTER TABLE `tabLeave Allocation` MODIFY `new_leaves_allocated` decimal(21,9) not null default 0, MODIFY `total_leaves` decimal(21,9) not null default 0, MODIFY `eligibledays` decimal(21,9) not null default 0
2025-06-13 09:37:39,988 WARNING database DDL Query made to DB:
alter table `tabDocType` add column if not exists migration_hash varchar(140)
2025-06-13 09:37:40,725 WARNING database DDL Query made to DB:
ALTER TABLE `tabLeave Approval Rule` ADD COLUMN `leave_type` varchar(140), ADD COLUMN `department` varchar(140), ADD COLUMN `team` varchar(140), ADD COLUMN `min_days` int(11) not null default 0, ADD COLUMN `max_days` int(11) not null default 0, ADD COLUMN `active` int(1) not null default 1
2025-06-13 09:37:40,923 WARNING database DDL Query made to DB:
ALTER TABLE `tabLeave Type` MODIFY `al_carry_fwd_days` decimal(21,9) not null default 0, MODIFY `eligible_days` decimal(21,9) not null default 0
2025-06-13 09:37:40,994 WARNING database DDL Query made to DB:
ALTER TABLE `tabLeave Application` MODIFY `total_leave_days` decimal(21,9) not null default 0
2025-06-13 09:51:09,475 WARNING database DDL Query made to DB:
alter table `tabDocType` add column if not exists migration_hash varchar(140)
2025-06-13 09:51:10,274 WARNING database DDL Query made to DB:
create table `tabLeave Approval Level` (
			name varchar(140) primary key,
			creation datetime(6),
			modified datetime(6),
			modified_by varchar(140),
			owner varchar(140),
			docstatus int(1) not null default '0',
			idx int(8) not null default '0',
			`level` int(11) not null default 0,
`approver_role` varchar(140),
`approver` varchar(140),
`required` int(1) not null default 1,
parent varchar(140),
parentfield varchar(140),
parenttype varchar(140),
index parent(parent))
			ENGINE=InnoDB
			ROW_FORMAT=DYNAMIC
			CHARACTER SET=utf8mb4
			COLLATE=utf8mb4_unicode_ci
2025-06-13 10:01:47,675 WARNING database DDL Query made to DB:
alter table `tabDocType` add column if not exists migration_hash varchar(140)
2025-06-13 10:01:48,744 WARNING database DDL Query made to DB:
create table `tabTeam` (
			name varchar(140) primary key,
			creation datetime(6),
			modified datetime(6),
			modified_by varchar(140),
			owner varchar(140),
			docstatus int(1) not null default '0',
			idx int(8) not null default '0',
			`team_name` varchar(140) unique,
`department` varchar(140),
`team_leader` varchar(140),
`active` int(1) not null default 1,
`description` text,
`_user_tags` text,
`_comments` text,
`_assign` text,
`_liked_by` text,
index modified(modified))
			ENGINE=InnoDB
			ROW_FORMAT=DYNAMIC
			CHARACTER SET=utf8mb4
			COLLATE=utf8mb4_unicode_ci
2025-06-13 10:06:45,650 WARNING database DDL Query made to DB:
alter table `tabDocType` add column if not exists migration_hash varchar(140)
2025-06-13 10:06:46,347 WARNING database DDL Query made to DB:
create table `tabLeave Approval Entry` (
			name varchar(140) primary key,
			creation datetime(6),
			modified datetime(6),
			modified_by varchar(140),
			owner varchar(140),
			docstatus int(1) not null default '0',
			idx int(8) not null default '0',
			`level_no` int(11) not null default 0,
`approver` varchar(140),
`status` varchar(140) default 'Pending',
`action_by` varchar(140),
`action_time` datetime(6),
`sla_deadline` datetime(6),
`remarks` text,
parent varchar(140),
parentfield varchar(140),
parenttype varchar(140),
index parent(parent))
			ENGINE=InnoDB
			ROW_FORMAT=DYNAMIC
			CHARACTER SET=utf8mb4
			COLLATE=utf8mb4_unicode_ci
2025-06-13 10:06:46,453 WARNING database DDL Query made to DB:
ALTER TABLE `tabLeave Application` ADD COLUMN `team` varchar(140), ADD COLUMN `department` varchar(140)
2025-06-13 10:06:46,457 WARNING database DDL Query made to DB:
ALTER TABLE `tabLeave Application` MODIFY `total_leave_days` decimal(21,9) not null default 0
2025-06-13 10:06:46,493 WARNING database DDL Query made to DB:
create table `tabLeave Escalation Log` (
			name varchar(140) primary key,
			creation datetime(6),
			modified datetime(6),
			modified_by varchar(140),
			owner varchar(140),
			docstatus int(1) not null default '0',
			idx int(8) not null default '0',
			`from_approver` varchar(140),
`to_approver` varchar(140),
`escalated_on` datetime(6),
`escalation_reason` varchar(140) default 'SLA Breach',
`remarks` text,
parent varchar(140),
parentfield varchar(140),
parenttype varchar(140),
index parent(parent))
			ENGINE=InnoDB
			ROW_FORMAT=DYNAMIC
			CHARACTER SET=utf8mb4
			COLLATE=utf8mb4_unicode_ci
2025-06-13 10:06:46,562 WARNING database DDL Query made to DB:
ALTER TABLE `tabLeave Approval Level` ADD COLUMN `level_no` int(11) not null default 0, ADD COLUMN `approver_type` varchar(140) default 'Employee', ADD COLUMN `approver_employee` varchar(140), ADD COLUMN `sla_days` int(11) not null default 0, ADD COLUMN `delegate_to_employee` varchar(140), ADD COLUMN `delegate_to_role` varchar(140), ADD COLUMN `delegate_level_no` int(11) not null default 0, ADD COLUMN `mandatory` int(1) not null default 1
2025-06-13 10:11:54,660 WARNING database DDL Query made to DB:
alter table `tabDocType` add column if not exists migration_hash varchar(140)
2025-06-13 11:03:16,241 WARNING database DDL Query made to DB:
ALTER TABLE `tabLeave Application` MODIFY `total_leave_days` decimal(21,9) not null default 0
2025-06-13 11:06:29,229 WARNING database DDL Query made to DB:
alter table `tabDocType` add column if not exists migration_hash varchar(140)
2025-06-13 11:37:04,021 WARNING database DDL Query made to DB:
alter table `tabDocType` add column if not exists migration_hash varchar(140)
2025-06-13 11:37:05,086 WARNING database DDL Query made to DB:
ALTER TABLE `tabLeave Application` MODIFY `total_leave_days` decimal(21,9) not null default 0
2025-06-13 11:47:42,588 WARNING database DDL Query made to DB:
ALTER TABLE `tabLeave Approval Rule` ADD COLUMN `description` varchar(140)
2025-06-13 12:08:12,393 WARNING database DDL Query made to DB:
alter table `tabDocType` add column if not exists migration_hash varchar(140)
2025-06-13 12:08:13,263 WARNING database DDL Query made to DB:
ALTER TABLE `tabLeave Approval Entry` ADD COLUMN `initialized_on` datetime(6), ADD COLUMN `pending_since` datetime(6), ADD COLUMN `escalated_from` varchar(140), ADD COLUMN `approver_name` varchar(140), ADD COLUMN `action_by_name` varchar(140), ADD COLUMN `level_description` varchar(140), ADD COLUMN `time_taken_hours` decimal(21,9) not null default 0, ADD COLUMN `is_overdue` int(1) not null default 0, ADD COLUMN `escalation_count` int(11) not null default 0
2025-06-13 12:50:51,941 WARNING database DDL Query made to DB:
alter table `tabDocType` add column if not exists migration_hash varchar(140)
2025-06-13 12:50:52,847 WARNING database DDL Query made to DB:
ALTER TABLE `tabLeave Application` MODIFY `total_leave_days` decimal(21,9) not null default 0
